glassio/app/build/intermediates/manifest_merge_blame_file/debug/manifest-merger-blame-debug-report.txt
1<?xml version="1.0" encoding="utf-8"?>
2<manifest xmlns:android="http://schemas.android.com/apk/res/android"
3    package="com.example.glassio"
4    android:versionCode="1"
5    android:versionName="1.0" >
6
7    <uses-sdk
8        android:minSdkVersion="23"
8-->src/main/AndroidManifest.xml
9        android:targetSdkVersion="29" />
9-->src/main/AndroidManifest.xml
10
11    <uses-permission android:name="android.permission.ACCESS_FINE_LOCATION" />
11-->src/main/AndroidManifest.xml:4:5-78
11-->src/main/AndroidManifest.xml:4:22-76
12
13    <application
13-->src/main/AndroidManifest.xml:5:5-25:19
14        android:allowBackup="true"
14-->src/main/AndroidManifest.xml:6:9-35
15        android:appComponentFactory="androidx.core.app.CoreComponentFactory"
15-->[androidx.core:core:1.0.1] AndroidManifest.xml:22:18-86
16        android:debuggable="true"
17        android:icon="@mipmap/ic_launcher"
17-->src/main/AndroidManifest.xml:7:9-43
18        android:label="@string/app_name"
18-->src/main/AndroidManifest.xml:8:9-41
19        android:roundIcon="@mipmap/ic_launcher_round"
19-->src/main/AndroidManifest.xml:9:9-54
20        android:supportsRtl="true"
20-->src/main/AndroidManifest.xml:10:9-35
21        android:testOnly="true"
22        android:theme="@style/AppTheme" >
22-->src/main/AndroidManifest.xml:11:9-40
23        <activity
23-->src/main/AndroidManifest.xml:13:9-20:20
24            android:name="com.example.glassio.Splash"
24-->src/main/AndroidManifest.xml:13:19-41
25            android:label="@string/app_name"
25-->src/main/AndroidManifest.xml:15:13-45
26            android:theme="@style/splashScreen" >
26-->src/main/AndroidManifest.xml:14:13-48
27            <intent-filter>
27-->src/main/AndroidManifest.xml:16:13-19:29
28                <action android:name="android.intent.action.MAIN" />
28-->src/main/AndroidManifest.xml:17:17-69
28-->src/main/AndroidManifest.xml:17:25-66
29
30                <category android:name="android.intent.category.LAUNCHER" />
30-->src/main/AndroidManifest.xml:18:17-77
30-->src/main/AndroidManifest.xml:18:27-74
31            </intent-filter>
32        </activity>
33        <activity
33-->src/main/AndroidManifest.xml:21:9-24:20
34            android:name="com.example.glassio.MainActivity"
34-->src/main/AndroidManifest.xml:21:19-47
35            android:label="@string/app_name"
35-->src/main/AndroidManifest.xml:23:13-45
36            android:theme="@style/AppTheme" >
36-->src/main/AndroidManifest.xml:22:13-44
37        </activity>
38
39        <provider
39-->[androidx.lifecycle:lifecycle-process:2.0.0] AndroidManifest.xml:23:9-27:43
40            android:name="androidx.lifecycle.ProcessLifecycleOwnerInitializer"
40-->[androidx.lifecycle:lifecycle-process:2.0.0] AndroidManifest.xml:24:13-79
41            android:authorities="com.example.glassio.lifecycle-process"
41-->[androidx.lifecycle:lifecycle-process:2.0.0] AndroidManifest.xml:25:13-69
42            android:exported="false"
42-->[androidx.lifecycle:lifecycle-process:2.0.0] AndroidManifest.xml:26:13-37
43            android:multiprocess="true" />
43-->[androidx.lifecycle:lifecycle-process:2.0.0] AndroidManifest.xml:27:13-40
44    </application>
45
46</manifest>